<?xml version="1.0" encoding="UTF-8"?>
<!-- Generated by org.testng.reporters.JUnitXMLReporter -->
<testsuite ignored="4" hostname="Chetans-MacBook-Pro.local" failures="0" tests="2" name="Test" time="25.749" errors="0" timestamp="2024-01-31T11:28:06 IST">
  <testcase classname="TestNgBatchGroup.Bmw" name="bmw" time="13.216"/>
  <testcase classname="TestNgBatchGroup.Honda" name="honda" time="12.398"/>
  <testcase classname="TestNgBatchGroup.Bmw" name="browsers" time="0.0">
    <ignored/>
  </testcase> <!-- browsers -->
  <testcase classname="TestNgBatchGroup.Ktm" name="ktm" time="0.0">
    <ignored/>
  </testcase> <!-- ktm -->
  <testcase classname="TestNgBatchGroup.Ducati" name="ducati" time="0.0">
    <ignored/>
  </testcase> <!-- ducati -->
  <testcase classname="TestNgBatchGroup.RoyalEnfield" name="royalenfield" time="0.0">
    <ignored/>
  </testcase> <!-- royalenfield -->
</testsuite> <!-- Test -->
